Build started 06.11.2012 02:24:22.
     1>Project "F:\Programming\C++\My Projects\K15 Engine 2\trunk\vs2010\Math\Math.vcxproj" on node 2 (Build target(s)).
     1>PrepareForBuild:
         Creating directory "..\..\math\bin\Debug\".
       InitializeBuildStatus:
         Creating "..\..\math\obj\Math.unsuccessfulbuild" because "AlwaysCreate" was specified.
       ClCompile:
         F:\Programme\Microsoft Visual Studio 11.0\VC\bin\CL.exe /c /ZI /nologo /W3 /WX- /Od /Oy- /D _MBCS /Gm /EHsc /RTC1 /MDd /GS /fp:precise /Zc:wchar_t /Zc:forScope /Fo"..\..\math\obj\\" /Fd"..\..\math\obj\vc110.pdb" /Gd /TP /analyze- /errorReport:prompt ..\..\math\src\K15_Mathematic.cpp ..\..\math\src\K15_Matrix3x3.cpp ..\..\math\src\K15_Matrix4x4.cpp ..\..\math\src\K15_Vector2.cpp ..\..\math\src\K15_Vector3.cpp
         K15_Vector3.cpp
         K15_Vector2.cpp
         K15_Matrix4x4.cpp
         K15_Matrix3x3.cpp
         K15_Mathematic.cpp
         Generating Code...
         F:\Programme\Microsoft Visual Studio 11.0\VC\bin\CL.exe /c /ZI /nologo /W3 /WX- /Od /Oy- /D _MBCS /Gm /EHsc /RTC1 /MDd /GS /fp:precise /Zc:wchar_t /Zc:forScope /Fo"..\..\math\obj\\" /Fd"..\..\math\obj\vc110.pdb" /Gd /TP /analyze- /errorReport:prompt ..\..\math\src\K15_Quaternion.cpp
         K15_Quaternion.cpp
       Lib:
         F:\Programme\Microsoft Visual Studio 11.0\VC\bin\Lib.exe /OUT:"..\..\math\bin\Debug\K15_Math_Debug.lib" /NOLOGO ..\..\math\obj\K15_Mathematic.obj
         ..\..\math\obj\K15_Matrix3x3.obj
         ..\..\math\obj\K15_Matrix4x4.obj
         ..\..\math\obj\K15_Vector2.obj
         ..\..\math\obj\K15_Vector3.obj
         ..\..\math\obj\K15_Quaternion.obj
         Math.vcxproj -> F:\Programming\C++\My Projects\K15 Engine 2\trunk\vs2010\Math\..\..\math\bin\Debug\K15_Math_Debug.lib
       FinalizeBuildStatus:
         Deleting file "..\..\math\obj\Math.unsuccessfulbuild".
         Touching "..\..\math\obj\Math.lastbuildstate".
     1>Done Building Project "F:\Programming\C++\My Projects\K15 Engine 2\trunk\vs2010\Math\Math.vcxproj" (Build target(s)).

Project Performance Summary:
      342 ms  F:\Programming\C++\My Projects\K15 Engine 2\trunk\vs2010\Math\Math.vcxproj   1 calls
                342 ms  Build                                      1 calls

Target Performance Summary:
        0 ms  _Manifest                                  1 calls
        0 ms  ComputeCLOutputs                           1 calls
        0 ms  BuildCompileTraverse                       1 calls
        0 ms  AfterBuildGenerateSources                  1 calls
        0 ms  MakeDirsForLib                             1 calls
        0 ms  ResolvedXDCMake                            1 calls
        0 ms  ResolveReferences                          1 calls
        0 ms  SelectClCompile                            1 calls
        0 ms  GetCopyToOutputDirectoryXamlAppDefs        1 calls
        0 ms  _CopySourceItemsToOutputDirectory          1 calls
        0 ms  _CheckForCompileOutputs                    1 calls
        0 ms  _SelectedFiles                             1 calls
        0 ms  _PrepareForBuild                           1 calls
        0 ms  _Midl                                      1 calls
        0 ms  SelectCustomBuild                          1 calls
        0 ms  _ClCompile                                 1 calls
        0 ms  GetReferenceAssemblyPaths                  1 calls
        0 ms  SetBuildDefaultEnvironmentVariables        1 calls
        0 ms  ComputeCLInputPDBName                      1 calls
        0 ms  GetResolvedWinMD                           1 calls
        0 ms  AfterBuild                                 1 calls
        0 ms  PreLinkEvent                               1 calls
        0 ms  CreateSatelliteAssemblies                  1 calls
        0 ms  BuildGenerateSources                       1 calls
        0 ms  GetFrameworkPaths                          1 calls
        0 ms  AfterResourceCompile                       1 calls
        0 ms  _Xsd                                       1 calls
        0 ms  ComputeCustomBuildOutput                   1 calls
        0 ms  ComputeLibInputsFromProject                1 calls
        0 ms  BeforeLib                                  1 calls
        0 ms  PostBuildEvent                             1 calls
        0 ms  CopyFilesToOutputDirectory                 1 calls
        0 ms  MakeDirsForResourceCompile                 1 calls
        0 ms  PlatformPrepareForBuild                    1 calls
        0 ms  Build                                      1 calls
        0 ms  BuildLinkTraverse                          1 calls
        0 ms  ComputeRCOutputs                           1 calls
        0 ms  _GenerateSatelliteAssemblyInputs           1 calls
        0 ms  PrepareForRun                              1 calls
        0 ms  _XdcMake                                   1 calls
        0 ms  DoLibOutputFilesMatch                      1 calls
        0 ms  _ResourceCompile                           1 calls
        0 ms  AfterBuildCompileEvent                     1 calls
        0 ms  ComputeMIDLGeneratedCompileInputs          1 calls
        0 ms  _BuildLinkAction                           1 calls
        0 ms  BeforeResolveReferences                    1 calls
        0 ms  GetCopyToOutputDirectoryItems              1 calls
        0 ms  ExpandSDKReferences                        1 calls
        0 ms  PreBuildEvent                              1 calls
        0 ms  _BscMake                                   1 calls
        0 ms  _Appverifier                               1 calls
        0 ms  RegisterOutput                             1 calls
        0 ms  _BuildGenerateSourcesAction                1 calls
        0 ms  BuildLink                                  1 calls
        0 ms  ComputeCLCompileGeneratedSbrFiles          1 calls
        0 ms  ResolveSDKReferences                       1 calls
        0 ms  _ALink                                     1 calls
        0 ms  MakeDirsForBscMake                         1 calls
        0 ms  _Lib                                       1 calls
        0 ms  _SplitProjectReferencesByFileExistence     1 calls
        0 ms  BuildGenerateSourcesTraverse               1 calls
        0 ms  ComputeLegacyManifestEmbedding             1 calls
        0 ms  AfterResolveReferences                     1 calls
        0 ms  ComputeLibAdditionalOptions                1 calls
        0 ms  ComputeReferenceCLInput                    1 calls
        0 ms  BeforeClCompile                            1 calls
        0 ms  BeforeResourceCompile                      1 calls
        0 ms  AfterMidl                                  1 calls
        0 ms  ResolveProjectReferences                   1 calls
        0 ms  _Deploy                                    1 calls
        0 ms  _PrepareForReferenceResolution             1 calls
        0 ms  BeforeBuildGenerateSources                 1 calls
        0 ms  AfterClCompile                             1 calls
        0 ms  AfterLib                                   1 calls
        0 ms  PrepareForBuild                            1 calls
        0 ms  GetInstalledSDKLocations                   1 calls
        0 ms  AfterBuildGenerateSourcesEvent             1 calls
        0 ms  ComputeRCGeneratedLibInputs                1 calls
        0 ms  _BuildCompileAction                        1 calls
        0 ms  AssignProjectConfiguration                 1 calls
        0 ms  BuildCompile                               1 calls
        0 ms  MakeDirsForXdcMake                         1 calls
        1 ms  ComputeCLCompileGeneratedXDCFiles          1 calls
        1 ms  InitializeBuildStatus                      1 calls
        1 ms  FinalizeBuildStatus                        1 calls
        1 ms  MakeDirsForCl                              1 calls
        1 ms  ResolveAssemblyReferences                  1 calls
        1 ms  AssignTargetPaths                          1 calls
        1 ms  MakeDirsForMidl                            1 calls
        1 ms  ComputeCLGeneratedLibInputs                1 calls
        2 ms  _CheckForInvalidConfigurationAndPlatform   1 calls
       33 ms  Lib                                        1 calls
      296 ms  ClCompile                                  1 calls

Build succeeded.

Time Elapsed 00:00:00.34
